<?xml version="1.0" encoding="UTF-8"?>
<!-- Generated by org.testng.reporters.JUnitReportReporter -->
<testsuite hostname="DESKTOP-U7MH5U2" failures="0" tests="2" name="TestNG.B" time="31.516" errors="0" timestamp="2022-02-26T23:06:41 PST" skipped="0">
  <testcase classname="TestNG.B" name="CAB" time="15.597"/>
  <system-out/>
  <testcase classname="TestNG.B" name="BCA" time="15.919"/>
  <system-out/>
</testsuite> <!-- TestNG.B -->
