<?xml version="1.0" encoding="UTF-8"?>
<!-- Generated by org.testng.reporters.JUnitReportReporter -->
<testsuite hostname="DESKTOP-U7MH5U2" failures="0" tests="1" name="TestNG.A" time="18.235" errors="0" timestamp="2022-02-26T23:55:03 PST" skipped="0">
  <testcase classname="TestNG.A" name="ABC" time="18.235"/>
  <system-out/>
</testsuite> <!-- TestNG.A -->
