<?xml version="1.0" encoding="UTF-8"?>
<!-- Generated by org.testng.reporters.JUnitReportReporter -->
<testsuite hostname="DESKTOP-U7MH5U2" failures="0" tests="1" name="TestNG.Include" time="20.881" errors="0" timestamp="2022-02-27T00:13:09 PST" skipped="0">
  <testcase classname="TestNG.Include" name="BCA" time="20.881"/>
  <system-out/>
</testsuite> <!-- TestNG.Include -->
