<?xml version="1.0" encoding="UTF-8"?>
<!-- Generated by org.testng.reporters.JUnitReportReporter -->
<testsuite hostname="DESKTOP-U7MH5U2" failures="0" tests="2" name="TestNG.Exclude" time="39.445" errors="0" timestamp="2022-02-27T00:29:19 PST" skipped="0">
  <testcase classname="TestNG.Exclude" name="ABC" time="19.889"/>
  <system-out/>
  <testcase classname="TestNG.Exclude" name="BCA" time="19.556"/>
  <system-out/>
</testsuite> <!-- TestNG.Exclude -->
